c:\users\58472\desktop\hew\d3d_demo_231011\d3d_demo_231011\x64\release\vc143.pdb
c:\users\58472\desktop\hew\d3d_demo_231011\d3d_demo_231011\x64\release\polygoncollider.obj
c:\users\58472\desktop\hew\d3d_demo_231011\d3d_demo_231011\x64\release\objectanimation.obj
c:\users\58472\desktop\hew\d3d_demo_231011\d3d_demo_231011\x64\release\object.obj
c:\users\58472\desktop\hew\d3d_demo_231011\d3d_demo_231011\x64\release\material.obj
c:\users\58472\desktop\hew\d3d_demo_231011\d3d_demo_231011\x64\release\input.obj
c:\users\58472\desktop\hew\d3d_demo_231011\d3d_demo_231011\x64\release\gameobject.obj
c:\users\58472\desktop\hew\d3d_demo_231011\d3d_demo_231011\x64\release\game.obj
c:\users\58472\desktop\hew\d3d_demo_231011\d3d_demo_231011\x64\release\fade.obj
c:\users\58472\desktop\hew\d3d_demo_231011\d3d_demo_231011\x64\release\effect.obj
c:\users\58472\desktop\hew\d3d_demo_231011\d3d_demo_231011\x64\release\direct3d.obj
c:\users\58472\desktop\hew\d3d_demo_231011\d3d_demo_231011\x64\release\dinput.obj
c:\users\58472\desktop\hew\d3d_demo_231011\d3d_demo_231011\x64\release\debugmanager.obj
c:\users\58472\desktop\hew\d3d_demo_231011\d3d_demo_231011\x64\release\collidermanager.obj
c:\users\58472\desktop\hew\d3d_demo_231011\d3d_demo_231011\x64\release\collider.obj
c:\users\58472\desktop\hew\d3d_demo_231011\d3d_demo_231011\x64\release\canvasui.obj
c:\users\58472\desktop\hew\d3d_demo_231011\d3d_demo_231011\x64\release\camerashaker.obj
c:\users\58472\desktop\hew\d3d_demo_231011\d3d_demo_231011\x64\release\camera.obj
c:\users\58472\desktop\hew\d3d_demo_231011\d3d_demo_231011\x64\release\boxcollider.obj
c:\users\58472\desktop\hew\d3d_demo_231011\d3d_demo_231011\x64\release\assets.obj
c:\users\58472\desktop\hew\d3d_demo_231011\d3d_demo_231011\x64\release\animation.obj
c:\users\58472\desktop\hew\d3d_demo_231011\d3d_demo_231011\x64\release\xa2.obj
c:\users\58472\desktop\hew\d3d_demo_231011\d3d_demo_231011\x64\release\winmain.obj
c:\users\58472\desktop\hew\d3d_demo_231011\d3d_demo_231011\x64\release\wictextureloader.obj
c:\users\58472\desktop\hew\d3d_demo_231011\d3d_demo_231011\x64\release\trackcamera.obj
c:\users\58472\desktop\hew\d3d_demo_231011\d3d_demo_231011\x64\release\staticobject.obj
c:\users\58472\desktop\hew\d3d_demo_231011\d3d_demo_231011\x64\release\staticanimation.obj
c:\users\58472\desktop\hew\d3d_demo_231011\d3d_demo_231011\x64\release\scenemanager.obj
c:\users\58472\desktop\hew\d3d_demo_231011\d3d_demo_231011\x64\release\stage.obj
c:\users\58472\desktop\hew\d3d_demo_231011\d3d_demo_231011\x64\release\sprite.obj
c:\users\58472\desktop\hew\d3d_demo_231011\d3d_demo_231011\x64\release\spherecollider.obj
c:\users\58472\desktop\hew\d3d_demo_231011\d3d_demo_231011\x64\release\shadowobject.obj
c:\users\58472\desktop\hew\d3d_demo_231011\d3d_demo_231011\x64\release\scene.obj
c:\users\58472\desktop\hew\d3d_demo_231011\d3d_demo_231011\x64\release\satcollider.obj
c:\users\58472\desktop\hew\d3d_demo_231011\d3d_demo_231011\x64\release\resultprocess.obj
c:\users\58472\desktop\hew\d3d_demo_231011\d3d_demo_231011\x64\release\resultanimation.obj
c:\users\58472\desktop\hew\d3d_demo_231011\d3d_demo_231011\x64\release\result.obj
c:\users\58472\desktop\hew\d3d_demo_231011\d3d_demo_231011\x64\release\railmanager.obj
c:\users\58472\desktop\hew\d3d_demo_231011\d3d_demo_231011\pixelshader.h
c:\users\58472\desktop\hew\d3d_demo_231011\x64\release\pixelshader.cso
c:\users\58472\desktop\hew\d3d_demo_231011\d3d_demo_231011\vertexshader.h
c:\users\58472\desktop\hew\d3d_demo_231011\x64\release\vertexshader.cso
c:\users\58472\desktop\hew\d3d_demo_231011\x64\release\d3d_demo_231011.exe
c:\users\58472\desktop\hew\d3d_demo_231011\d3d_demo_231011\x64\release\d3d_demo_231011.ipdb
c:\users\58472\desktop\hew\d3d_demo_231011\x64\release\d3d_demo_231011.pdb
c:\users\58472\desktop\hew\d3d_demo_231011\d3d_demo_231011\x64\release\d3d_demo_231011.iobj
c:\users\58472\desktop\hew\d3d_demo_231011\d3d_demo_231011\x64\release\d3d_demo_231011.tlog\cl.command.1.tlog
c:\users\58472\desktop\hew\d3d_demo_231011\d3d_demo_231011\x64\release\d3d_demo_231011.tlog\cl.read.1.tlog
c:\users\58472\desktop\hew\d3d_demo_231011\d3d_demo_231011\x64\release\d3d_demo_231011.tlog\cl.write.1.tlog
c:\users\58472\desktop\hew\d3d_demo_231011\d3d_demo_231011\x64\release\d3d_demo_231011.tlog\fxc.command.1.tlog
c:\users\58472\desktop\hew\d3d_demo_231011\d3d_demo_231011\x64\release\d3d_demo_231011.tlog\fxc.read.1.tlog
c:\users\58472\desktop\hew\d3d_demo_231011\d3d_demo_231011\x64\release\d3d_demo_231011.tlog\fxc.write.1.tlog
c:\users\58472\desktop\hew\d3d_demo_231011\d3d_demo_231011\x64\release\d3d_demo_231011.tlog\link.command.1.tlog
c:\users\58472\desktop\hew\d3d_demo_231011\d3d_demo_231011\x64\release\d3d_demo_231011.tlog\link.read.1.tlog
c:\users\58472\desktop\hew\d3d_demo_231011\d3d_demo_231011\x64\release\d3d_demo_231011.tlog\link.write.1.tlog
