c:\23_1110_hew\d3d_demo_231011\x64\debug\d3d_demo_231011.bsc
c:\23_1110_hew\d3d_demo_231011\d3d_demo_231011\x64\debug\vc143.pdb
c:\23_1110_hew\d3d_demo_231011\d3d_demo_231011\x64\debug\vc143.idb
c:\23_1110_hew\d3d_demo_231011\d3d_demo_231011\x64\debug\animation.sbr
c:\23_1110_hew\d3d_demo_231011\d3d_demo_231011\x64\debug\assets.sbr
c:\23_1110_hew\d3d_demo_231011\d3d_demo_231011\x64\debug\camera.sbr
c:\23_1110_hew\d3d_demo_231011\d3d_demo_231011\x64\debug\direct3d.sbr
c:\23_1110_hew\d3d_demo_231011\d3d_demo_231011\x64\debug\game.sbr
c:\23_1110_hew\d3d_demo_231011\d3d_demo_231011\x64\debug\input.sbr
c:\23_1110_hew\d3d_demo_231011\d3d_demo_231011\x64\debug\material.sbr
c:\23_1110_hew\d3d_demo_231011\d3d_demo_231011\x64\debug\object.sbr
c:\23_1110_hew\d3d_demo_231011\d3d_demo_231011\x64\debug\objectanimation.sbr
c:\23_1110_hew\d3d_demo_231011\d3d_demo_231011\x64\debug\sprite.sbr
c:\23_1110_hew\d3d_demo_231011\d3d_demo_231011\x64\debug\testobject.sbr
c:\23_1110_hew\d3d_demo_231011\d3d_demo_231011\x64\debug\trackcamera.sbr
c:\23_1110_hew\d3d_demo_231011\d3d_demo_231011\x64\debug\uiobject.sbr
c:\23_1110_hew\d3d_demo_231011\d3d_demo_231011\x64\debug\wictextureloader.sbr
c:\23_1110_hew\d3d_demo_231011\d3d_demo_231011\x64\debug\winmain.sbr
c:\23_1110_hew\d3d_demo_231011\d3d_demo_231011\x64\debug\winmain.obj
c:\23_1110_hew\d3d_demo_231011\d3d_demo_231011\x64\debug\wictextureloader.obj
c:\23_1110_hew\d3d_demo_231011\d3d_demo_231011\x64\debug\uiobject.obj
c:\23_1110_hew\d3d_demo_231011\d3d_demo_231011\x64\debug\trackcamera.obj
c:\23_1110_hew\d3d_demo_231011\d3d_demo_231011\x64\debug\testobject.obj
c:\23_1110_hew\d3d_demo_231011\d3d_demo_231011\x64\debug\sprite.obj
c:\23_1110_hew\d3d_demo_231011\d3d_demo_231011\x64\debug\objectanimation.obj
c:\23_1110_hew\d3d_demo_231011\d3d_demo_231011\x64\debug\object.obj
c:\23_1110_hew\d3d_demo_231011\d3d_demo_231011\x64\debug\material.obj
c:\23_1110_hew\d3d_demo_231011\d3d_demo_231011\x64\debug\game.obj
c:\23_1110_hew\d3d_demo_231011\d3d_demo_231011\x64\debug\direct3d.obj
c:\23_1110_hew\d3d_demo_231011\d3d_demo_231011\x64\debug\camera.obj
c:\23_1110_hew\d3d_demo_231011\d3d_demo_231011\x64\debug\assets.obj
c:\23_1110_hew\d3d_demo_231011\d3d_demo_231011\x64\debug\animation.obj
c:\23_1110_hew\d3d_demo_231011\d3d_demo_231011\x64\debug\cdirectinput.sbr
c:\23_1110_hew\d3d_demo_231011\d3d_demo_231011\x64\debug\cdinput.sbr
c:\23_1110_hew\d3d_demo_231011\d3d_demo_231011\x64\debug\cdinput.obj
c:\23_1110_hew\d3d_demo_231011\x64\debug\pixelshader.cso
c:\23_1110_hew\d3d_demo_231011\x64\debug\vertexshader.cso
c:\users\58472\desktop\hew_test\d3d_demo_231011\x64\debug\pixelshader.cso
c:\23_1110_hew\d3d_demo_231011\x64\debug\d3d_demo_231011.exe
c:\23_1110_hew\d3d_demo_231011\d3d_demo_231011\x64\debug\d3d_demo_231011.ilk
c:\23_1110_hew\d3d_demo_231011\x64\debug\d3d_demo_231011.pdb
c:\users\58472\desktop\hew_test\d3d_demo_231011\d3d_demo_231011\x64\debug\animation.obj
c:\users\58472\desktop\hew_test\d3d_demo_231011\d3d_demo_231011\x64\debug\assets.obj
c:\users\58472\desktop\hew_test\d3d_demo_231011\d3d_demo_231011\x64\debug\camera.obj
c:\users\58472\desktop\hew_test\d3d_demo_231011\d3d_demo_231011\x64\debug\canvasui.obj
c:\users\58472\desktop\hew_test\d3d_demo_231011\d3d_demo_231011\x64\debug\collider.obj
c:\users\58472\desktop\hew_test\d3d_demo_231011\d3d_demo_231011\x64\debug\collidermanager.obj
c:\users\58472\desktop\hew_test\d3d_demo_231011\d3d_demo_231011\x64\debug\debugmanager.obj
c:\users\58472\desktop\hew_test\d3d_demo_231011\d3d_demo_231011\x64\debug\direct3d.obj
c:\users\58472\desktop\hew_test\d3d_demo_231011\d3d_demo_231011\x64\debug\game.obj
c:\users\58472\desktop\hew_test\d3d_demo_231011\d3d_demo_231011\x64\debug\gameobject.obj
c:\users\58472\desktop\hew_test\d3d_demo_231011\d3d_demo_231011\x64\debug\input.obj
c:\users\58472\desktop\hew_test\d3d_demo_231011\d3d_demo_231011\x64\debug\kbinput.obj
c:\users\58472\desktop\hew_test\d3d_demo_231011\d3d_demo_231011\x64\debug\material.obj
c:\users\58472\desktop\hew_test\d3d_demo_231011\d3d_demo_231011\x64\debug\object.obj
c:\users\58472\desktop\hew_test\d3d_demo_231011\d3d_demo_231011\x64\debug\objectanimation.obj
c:\users\58472\desktop\hew_test\d3d_demo_231011\d3d_demo_231011\x64\debug\shadowobject.obj
c:\users\58472\desktop\hew_test\d3d_demo_231011\d3d_demo_231011\x64\debug\source.obj
c:\users\58472\desktop\hew_test\d3d_demo_231011\d3d_demo_231011\x64\debug\sprite.obj
c:\users\58472\desktop\hew_test\d3d_demo_231011\d3d_demo_231011\x64\debug\staticanimation.obj
c:\users\58472\desktop\hew_test\d3d_demo_231011\d3d_demo_231011\x64\debug\testobject.obj
c:\users\58472\desktop\hew_test\d3d_demo_231011\d3d_demo_231011\x64\debug\trackcamera.obj
c:\users\58472\desktop\hew_test\d3d_demo_231011\d3d_demo_231011\x64\debug\wictextureloader.obj
c:\users\58472\desktop\hew_test\d3d_demo_231011\d3d_demo_231011\x64\debug\winmain.obj
c:\users\58472\desktop\hew_test\d3d_demo_231011\d3d_demo_231011\x64\debug\cdirectinput.obj.enc
c:\users\58472\desktop\hew_test\d3d_demo_231011\d3d_demo_231011\x64\debug\testobject.obj.enc
c:\users\58472\desktop\hew_test\d3d_demo_231011\d3d_demo_231011\x64\debug\d3d_demo_231011.ilk
c:\users\58472\desktop\hew_test\d3d_demo_231011\d3d_demo_231011\x64\debug\vc143.idb
c:\users\58472\desktop\hew_test\d3d_demo_231011\d3d_demo_231011\x64\debug\vc143.pdb
c:\users\58472\desktop\hew_test\d3d_demo_231011\d3d_demo_231011\x64\debug\animation.sbr
c:\users\58472\desktop\hew_test\d3d_demo_231011\d3d_demo_231011\x64\debug\assets.sbr
c:\users\58472\desktop\hew_test\d3d_demo_231011\d3d_demo_231011\x64\debug\camera.sbr
c:\users\58472\desktop\hew_test\d3d_demo_231011\d3d_demo_231011\x64\debug\canvasui.sbr
c:\users\58472\desktop\hew_test\d3d_demo_231011\d3d_demo_231011\x64\debug\cdinput.sbr
c:\users\58472\desktop\hew_test\d3d_demo_231011\d3d_demo_231011\x64\debug\cdirectinput.sbr
c:\users\58472\desktop\hew_test\d3d_demo_231011\d3d_demo_231011\x64\debug\collider.sbr
c:\users\58472\desktop\hew_test\d3d_demo_231011\d3d_demo_231011\x64\debug\collidermanager.sbr
c:\users\58472\desktop\hew_test\d3d_demo_231011\d3d_demo_231011\x64\debug\debugmanager.sbr
c:\users\58472\desktop\hew_test\d3d_demo_231011\d3d_demo_231011\x64\debug\direct3d.sbr
c:\users\58472\desktop\hew_test\d3d_demo_231011\d3d_demo_231011\x64\debug\game.sbr
c:\users\58472\desktop\hew_test\d3d_demo_231011\d3d_demo_231011\x64\debug\gameobject.sbr
c:\users\58472\desktop\hew_test\d3d_demo_231011\d3d_demo_231011\x64\debug\input.sbr
c:\users\58472\desktop\hew_test\d3d_demo_231011\d3d_demo_231011\x64\debug\kbinput.sbr
c:\users\58472\desktop\hew_test\d3d_demo_231011\d3d_demo_231011\x64\debug\material.sbr
c:\users\58472\desktop\hew_test\d3d_demo_231011\d3d_demo_231011\x64\debug\object.sbr
c:\users\58472\desktop\hew_test\d3d_demo_231011\d3d_demo_231011\x64\debug\objectanimation.sbr
c:\users\58472\desktop\hew_test\d3d_demo_231011\d3d_demo_231011\x64\debug\shadowobject.sbr
c:\users\58472\desktop\hew_test\d3d_demo_231011\d3d_demo_231011\x64\debug\source.sbr
c:\users\58472\desktop\hew_test\d3d_demo_231011\d3d_demo_231011\x64\debug\sprite.sbr
c:\users\58472\desktop\hew_test\d3d_demo_231011\d3d_demo_231011\x64\debug\staticanimation.sbr
c:\users\58472\desktop\hew_test\d3d_demo_231011\d3d_demo_231011\x64\debug\testobject.sbr
c:\users\58472\desktop\hew_test\d3d_demo_231011\d3d_demo_231011\x64\debug\trackcamera.sbr
c:\users\58472\desktop\hew_test\d3d_demo_231011\d3d_demo_231011\x64\debug\uiobject.sbr
c:\users\58472\desktop\hew_test\d3d_demo_231011\d3d_demo_231011\x64\debug\wictextureloader.sbr
c:\users\58472\desktop\hew_test\d3d_demo_231011\d3d_demo_231011\x64\debug\winmain.sbr
c:\users\58472\desktop\hew_test\d3d_demo_231011\x64\debug\d3d_demo_231011.pdb
c:\users\58472\desktop\hew_test\d3d_demo_231011\x64\debug\d3d_demo_231011.exe
c:\users\58472\desktop\hew_test\d3d_demo_231011\x64\debug\d3d_demo_231011.bsc
c:\users\58472\desktop\hew_test\d3d_demo_231011\d3d_demo_231011\x64\debug\d3d_demo_231011.tlog\bscmake.command.1.tlog
c:\users\58472\desktop\hew_test\d3d_demo_231011\d3d_demo_231011\x64\debug\d3d_demo_231011.tlog\bscmake.read.1.tlog
c:\users\58472\desktop\hew_test\d3d_demo_231011\d3d_demo_231011\x64\debug\d3d_demo_231011.tlog\bscmake.write.1.tlog
c:\users\58472\desktop\hew_test\d3d_demo_231011\d3d_demo_231011\x64\debug\d3d_demo_231011.tlog\cl.command.1.tlog
c:\users\58472\desktop\hew_test\d3d_demo_231011\d3d_demo_231011\x64\debug\d3d_demo_231011.tlog\cl.items.tlog
c:\users\58472\desktop\hew_test\d3d_demo_231011\d3d_demo_231011\x64\debug\d3d_demo_231011.tlog\cl.read.1.tlog
c:\users\58472\desktop\hew_test\d3d_demo_231011\d3d_demo_231011\x64\debug\d3d_demo_231011.tlog\cl.write.1.tlog
c:\users\58472\desktop\hew_test\d3d_demo_231011\d3d_demo_231011\x64\debug\d3d_demo_231011.tlog\fxc.command.1.tlog
c:\users\58472\desktop\hew_test\d3d_demo_231011\d3d_demo_231011\x64\debug\d3d_demo_231011.tlog\fxc.read.1.tlog
c:\users\58472\desktop\hew_test\d3d_demo_231011\d3d_demo_231011\x64\debug\d3d_demo_231011.tlog\fxc.write.1.tlog
c:\users\58472\desktop\hew_test\d3d_demo_231011\d3d_demo_231011\x64\debug\d3d_demo_231011.tlog\link.command.1.tlog
c:\users\58472\desktop\hew_test\d3d_demo_231011\d3d_demo_231011\x64\debug\d3d_demo_231011.tlog\link.read.1.tlog
c:\users\58472\desktop\hew_test\d3d_demo_231011\d3d_demo_231011\x64\debug\d3d_demo_231011.tlog\link.write.1.tlog
