  Game.cpp
C:\23_1110_HEW\D3D_DEMO_231011\D3D_DEMO_231011\Camera.h(22,48): warning C4305: '引数': 'double' から 'float' へ切り詰めます。
C:\23_1110_HEW\D3D_DEMO_231011\D3D_DEMO_231011\Camera.h(22,40): warning C4305: '引数': 'double' から 'float' へ切り詰めます。
C:\23_1110_HEW\D3D_DEMO_231011\D3D_DEMO_231011\Camera.h(24,52): warning C4305: '引数': 'double' から 'float' へ切り詰めます。
C:\23_1110_HEW\D3D_DEMO_231011\D3D_DEMO_231011\Game.cpp(158,24): warning C4305: '引数': 'double' から 'float' へ切り詰めます。
C:\23_1110_HEW\D3D_DEMO_231011\D3D_DEMO_231011\Game.cpp(158,19): warning C4305: '引数': 'double' から 'float' へ切り詰めます。
C:\23_1110_HEW\D3D_DEMO_231011\D3D_DEMO_231011\Game.cpp(180,55): warning C4305: '引数': 'double' から 'float' へ切り詰めます。
C:\23_1110_HEW\D3D_DEMO_231011\D3D_DEMO_231011\Game.cpp(182,68): warning C4305: '引数': 'double' から 'float' へ切り詰めます。
C:\23_1110_HEW\D3D_DEMO_231011\D3D_DEMO_231011\Game.cpp(182,57): warning C4305: '引数': 'double' から 'float' へ切り詰めます。
C:\23_1110_HEW\D3D_DEMO_231011\D3D_DEMO_231011\Game.cpp(186,63): warning C4305: '引数': 'double' から 'float' へ切り詰めます。
C:\23_1110_HEW\D3D_DEMO_231011\D3D_DEMO_231011\Game.cpp(245,13): warning C4305: '初期化中': 'double' から 'float' へ切り詰めます。
C:\23_1110_HEW\D3D_DEMO_231011\D3D_DEMO_231011\Game.cpp(247,13): warning C4305: '=': 'double' から 'float' へ切り詰めます。
C:\23_1110_HEW\D3D_DEMO_231011\D3D_DEMO_231011\Game.cpp(249,13): warning C4305: '=': 'double' から 'float' へ切り詰めます。
C:\23_1110_HEW\D3D_DEMO_231011\D3D_DEMO_231011\Game.cpp(265,30): warning C4305: '引数': 'double' から 'float' へ切り詰めます。
C:\23_1110_HEW\D3D_DEMO_231011\D3D_DEMO_231011\Game.cpp(266,38): warning C4305: '引数': 'double' から 'float' へ切り詰めます。
C:\23_1110_HEW\D3D_DEMO_231011\D3D_DEMO_231011\Game.cpp(266,33): warning C4305: '引数': 'double' から 'float' へ切り詰めます。
C:\23_1110_HEW\D3D_DEMO_231011\D3D_DEMO_231011\Game.cpp(266,28): warning C4305: '引数': 'double' から 'float' へ切り詰めます。
C:\23_1110_HEW\D3D_DEMO_231011\D3D_DEMO_231011\Game.cpp(730,41): warning C4305: '引数': 'double' から 'float' へ切り詰めます。
C:\23_1110_HEW\D3D_DEMO_231011\D3D_DEMO_231011\Game.cpp(730,37): warning C4305: '引数': 'double' から 'float' へ切り詰めます。
C:\23_1110_HEW\D3D_DEMO_231011\D3D_DEMO_231011\Game.cpp(730,33): warning C4305: '引数': 'double' から 'float' へ切り詰めます。
C:\23_1110_HEW\D3D_DEMO_231011\D3D_DEMO_231011\Game.cpp(731,40): warning C4305: '引数': 'double' から 'float' へ切り詰めます。
C:\23_1110_HEW\D3D_DEMO_231011\D3D_DEMO_231011\Game.cpp(731,36): warning C4305: '引数': 'double' から 'float' へ切り詰めます。
C:\23_1110_HEW\D3D_DEMO_231011\D3D_DEMO_231011\Game.cpp(731,32): warning C4305: '引数': 'double' から 'float' へ切り詰めます。
C:\23_1110_HEW\D3D_DEMO_231011\D3D_DEMO_231011\Game.cpp(789,31): warning C4305: '引数': 'double' から 'float' へ切り詰めます。
C:\23_1110_HEW\D3D_DEMO_231011\D3D_DEMO_231011\Game.cpp(791,29): warning C4305: '引数': 'double' から 'float' へ切り詰めます。
C:\23_1110_HEW\D3D_DEMO_231011\D3D_DEMO_231011\Game.cpp(2493,66): warning C4305: '引数': 'double' から 'float' へ切り詰めます。
C:\23_1110_HEW\D3D_DEMO_231011\D3D_DEMO_231011\Game.cpp(2496,66): warning C4305: '引数': 'double' から 'float' へ切り詰めます。
C:\23_1110_HEW\D3D_DEMO_231011\D3D_DEMO_231011\Game.cpp(2499,66): warning C4305: '引数': 'double' から 'float' へ切り詰めます。
C:\23_1110_HEW\D3D_DEMO_231011\D3D_DEMO_231011\Game.cpp(2554,13): warning C4305: '初期化中': 'double' から 'float' へ切り詰めます。
C:\23_1110_HEW\D3D_DEMO_231011\D3D_DEMO_231011\Game.cpp(2570,40): warning C4305: '=': 'double' から 'float' へ切り詰めます。
C:\23_1110_HEW\D3D_DEMO_231011\D3D_DEMO_231011\Game.cpp(2617,40): warning C4305: '=': 'double' から 'float' へ切り詰めます。
C:\23_1110_HEW\D3D_DEMO_231011\D3D_DEMO_231011\Game.cpp(2627,41): warning C4305: '=': 'double' から 'float' へ切り詰めます。
C:\23_1110_HEW\D3D_DEMO_231011\D3D_DEMO_231011\Game.cpp(2870,36): warning C4305: '=': 'double' から 'float' へ切り詰めます。
C:\23_1110_HEW\D3D_DEMO_231011\D3D_DEMO_231011\Game.cpp(2871,38): warning C4305: '引数': 'double' から 'float' へ切り詰めます。
C:\23_1110_HEW\D3D_DEMO_231011\D3D_DEMO_231011\Game.cpp(2871,33): warning C4305: '引数': 'double' から 'float' へ切り詰めます。
C:\23_1110_HEW\D3D_DEMO_231011\D3D_DEMO_231011\Game.cpp(2873,10): warning C4305: '初期化中': 'double' から 'float' へ切り詰めます。
C:\23_1110_HEW\D3D_DEMO_231011\D3D_DEMO_231011\Game.cpp(2875,8): warning C4244: '=': 'double' から 'float' への変換です。データが失われる可能性があります。
  D3D_DEMO_231011.vcxproj -> C:\23_1110_HEW\D3D_DEMO_231011\x64\Debug\D3D_DEMO_231011.exe
